<?xml version="1.0" encoding="UTF-8"?>
<!-- Generated by org.testng.reporters.JUnitReportReporter -->
<testsuite skipped="0" hostname="Mirats-MacBook-Pro.local" name="org.pom.testcases.LoginPageTest" tests="12" failures="0" timestamp="2020-07-31T20:35:06 CDT" time="108.604" errors="0">
  <testcase name="loginPageTitleTest" time="3.299" classname="org.pom.testcases.LoginPageTest"/>
  <system-out/>
  <testcase name="loginPageValidateCRMImageTest" time="3.961" classname="org.pom.testcases.LoginPageTest"/>
  <system-out/>
  <testcase name="loginPageTitleTest2" time="12.233" classname="org.pom.testcases.LoginPageTest"/>
  <system-out/>
  <testcase name="loginPageTitleTest3" time="4.154" classname="org.pom.testcases.LoginPageTest"/>
  <system-out/>
  <testcase name="loginPageValidateCRMImageTest3" time="4.059" classname="org.pom.testcases.LoginPageTest"/>
  <system-out/>
  <testcase name="loginPageLoginTest2" time="8.272" classname="org.pom.testcases.LoginPageTest"/>
  <system-out/>
  <testcase name="loginPageTitleTest1" time="12.433" classname="org.pom.testcases.LoginPageTest"/>
  <system-out/>
  <testcase name="loginPageValidateCRMImageTest2" time="4.592" classname="org.pom.testcases.LoginPageTest"/>
  <system-out/>
  <testcase name="loginPageLoginTest1" time="10.163" classname="org.pom.testcases.LoginPageTest"/>
  <system-out/>
  <testcase name="loginPageValidateCRMImageTest1" time="12.029" classname="org.pom.testcases.LoginPageTest"/>
  <system-out/>
  <testcase name="loginPageLoginTest" time="18.030" classname="org.pom.testcases.LoginPageTest"/>
  <system-out/>
  <testcase name="loginPageLoginTest3" time="15.379" classname="org.pom.testcases.LoginPageTest"/>
  <system-out/>
</testsuite> <!-- org.pom.testcases.LoginPageTest -->
